0 info it worked if it ends with ok
1 verbose cli [ '/Users/mickperkins/.nvm/versions/node/v5.1.0/bin/node',
1 verbose cli   '/Users/mickperkins/.nvm/versions/node/v5.1.0/bin/npm',
1 verbose cli   'publish',
1 verbose cli   './' ]
2 info using npm@3.3.12
3 info using node@v5.1.0
4 verbose publish [ './' ]
5 silly cache add args [ './', null ]
6 verbose cache add spec ./
7 silly cache add parsed spec Result {
7 silly cache add   raw: './',
7 silly cache add   scope: null,
7 silly cache add   name: null,
7 silly cache add   rawSpec: './',
7 silly cache add   spec: '/Users/mickperkins/Development/storm-components/storm-toggler',
7 silly cache add   type: 'directory' }
8 verbose addLocalDirectory /Users/mickperkins/.npm/storm-toggler/0.1.6/package.tgz not in flight; packing
9 info lifecycle storm-toggler@0.1.6~prepublish: storm-toggler@0.1.6
10 silly lifecycle storm-toggler@0.1.6~prepublish: no script for prepublish, continuing
11 verbose tar pack [ '/Users/mickperkins/.npm/storm-toggler/0.1.6/package.tgz',
11 verbose tar pack   '/Users/mickperkins/Development/storm-components/storm-toggler' ]
12 verbose tarball /Users/mickperkins/.npm/storm-toggler/0.1.6/package.tgz
13 verbose folder /Users/mickperkins/Development/storm-components/storm-toggler
14 verbose addLocalTarball adding from inside cache /Users/mickperkins/.npm/storm-toggler/0.1.6/package.tgz
15 silly cache afterAdd storm-toggler@0.1.6
16 verbose afterAdd /Users/mickperkins/.npm/storm-toggler/0.1.6/package/package.json not in flight; writing
17 verbose afterAdd /Users/mickperkins/.npm/storm-toggler/0.1.6/package/package.json written
18 silly publish { name: 'storm-toggler',
18 silly publish   version: '0.1.6',
18 silly publish   description: 'Accessible class-toggling for CSS-based UI state manipulation',
18 silly publish   author: { name: 'mjbp' },
18 silly publish   license: 'MIT',
18 silly publish   repository:
18 silly publish    { type: 'git',
18 silly publish      url: 'git+https://github.com/mjbp/storm-toggler.git' },
18 silly publish   bugs: { url: 'https://github.com/mjbp/storm-toggler/issues' },
18 silly publish   main: 'dist/storm.toggler.js',
18 silly publish   devDependencies:
18 silly publish    { gulp: '^3.9.0',
18 silly publish      'gulp-browserify': '^0.5.1',
18 silly publish      'gulp-gh-pages': '^0.5.4',
18 silly publish      'gulp-header': '^1.2.2',
18 silly publish      'gulp-notify': '^2.2.0',
18 silly publish      'gulp-rename': '^1.2.2',
18 silly publish      'gulp-uglify': '^1.4.2',
18 silly publish      'run-sequence': '^1.1.0' },
18 silly publish   keywords: [ 'stormid', 'toggler', 'off-canvas', 'toggle', 'UI' ],
18 silly publish   dependencies: { 'storm-utils': '^0.2.0' },
18 silly publish   readme: '#Storm Toggler\n\nProgressive enhancement-lead, accessible state toggling. Toggles classes for CSS-based UI state manipulation.\n\n    - Toggle documentElement classes based on target, style agnostic so you can apply your own styles and transitions based on page states\n    - Or toggle parent element class to change localised UI states, or sub-states\n    - Uses id/href-based targeting, so falls back to a fragment identifier link\n    - Adds and toggles ARIA attributes\n    - Built-in transition delays and animating-out class to hook transitions on to avoid unwanted animations on load/resize\n    - Based on standard HTML5 markup\n\n##Use cases\n\n    - off-canvas elements, including hamburger or kebab navigation\n    - modals (excluding gallery modals)\n    - dropdown toggles\n    - show/hide\n    - any basic UI animation involving an element trigger\n    - localised UI sub-state toggling would apply to child or nested elements, such as submenu item children',
18 silly publish   readmeFilename: 'README.md',
18 silly publish   gitHead: 'ff3d8b0d5b2b38e1213329e9c67c88df222d803e',
18 silly publish   homepage: 'https://github.com/mjbp/storm-toggler#readme',
18 silly publish   _id: 'storm-toggler@0.1.6',
18 silly publish   scripts: {},
18 silly publish   _shasum: '3bc5f92a21dcdc765395df12c5cdd1b5771702c3',
18 silly publish   _from: '.' }
19 verbose getPublishConfig undefined
20 silly mapToRegistry name storm-toggler
21 silly mapToRegistry using default registry
22 silly mapToRegistry registry https://registry.npmjs.org/
23 silly mapToRegistry uri https://registry.npmjs.org/storm-toggler
24 verbose publish registryBase https://registry.npmjs.org/
25 silly publish uploading /Users/mickperkins/.npm/storm-toggler/0.1.6/package.tgz
26 verbose request uri https://registry.npmjs.org/storm-toggler
27 verbose request sending authorization for write operation
28 info attempt registry request try #1 at 2:51:58 PM
29 verbose request using bearer token for auth
30 verbose request id 8c2e2085f6fdbc7a
31 http request PUT https://registry.npmjs.org/storm-toggler
32 http 403 https://registry.npmjs.org/storm-toggler
33 verbose headers { 'content-type': 'application/json',
33 verbose headers   'cache-control': 'max-age=300',
33 verbose headers   'content-length': '95',
33 verbose headers   'accept-ranges': 'bytes',
33 verbose headers   date: 'Wed, 20 Jan 2016 14:51:59 GMT',
33 verbose headers   via: '1.1 varnish',
33 verbose headers   connection: 'keep-alive',
33 verbose headers   'x-served-by': 'cache-lcy1125-LCY',
33 verbose headers   'x-cache': 'MISS',
33 verbose headers   'x-cache-hits': '0',
33 verbose headers   'x-timer': 'S1453301518.251768,VS0,VE1122' }
34 verbose request invalidating /Users/mickperkins/.npm/registry.npmjs.org/storm-toggler on PUT
35 error publish Failed PUT 403
36 verbose stack Error: "You cannot publish over the previously published version 0.1.6." : storm-toggler
36 verbose stack     at makeError (/Users/mickperkins/.nvm/versions/node/v5.1.0/lib/node_modules/npm/node_modules/npm-registry-client/lib/request.js:264:12)
36 verbose stack     at CachingRegistryClient.<anonymous> (/Users/mickperkins/.nvm/versions/node/v5.1.0/lib/node_modules/npm/node_modules/npm-registry-client/lib/request.js:252:14)
36 verbose stack     at Request._callback (/Users/mickperkins/.nvm/versions/node/v5.1.0/lib/node_modules/npm/node_modules/npm-registry-client/lib/request.js:172:14)
36 verbose stack     at Request.self.callback (/Users/mickperkins/.nvm/versions/node/v5.1.0/lib/node_modules/npm/node_modules/request/request.js:198:22)
36 verbose stack     at emitTwo (events.js:87:13)
36 verbose stack     at Request.emit (events.js:172:7)
36 verbose stack     at Request.<anonymous> (/Users/mickperkins/.nvm/versions/node/v5.1.0/lib/node_modules/npm/node_modules/request/request.js:1082:10)
36 verbose stack     at emitOne (events.js:82:20)
36 verbose stack     at Request.emit (events.js:169:7)
36 verbose stack     at IncomingMessage.<anonymous> (/Users/mickperkins/.nvm/versions/node/v5.1.0/lib/node_modules/npm/node_modules/request/request.js:1009:12)
37 verbose statusCode 403
38 verbose pkgid storm-toggler
39 verbose cwd /Users/mickperkins/Development/storm-components/storm-toggler
40 error Darwin 14.4.0
41 error argv "/Users/mickperkins/.nvm/versions/node/v5.1.0/bin/node" "/Users/mickperkins/.nvm/versions/node/v5.1.0/bin/npm" "publish" "./"
42 error node v5.1.0
43 error npm  v3.3.12
44 error code E403
45 error "You cannot publish over the previously published version 0.1.6." : storm-toggler
46 error If you need help, you may report this error at:
46 error     <https://github.com/npm/npm/issues>
47 verbose exit [ 1, true ]
